2025-10-28 14:53:01 0 [Note] Starting MariaDB 10.4.32-MariaDB source revision c4143f909528e3fab0677a28631d10389354c491 as process 13904
2025-10-28 14:53:01 0 [Note] InnoDB: Mutexes and rw_locks use Windows interlocked functions
2025-10-28 14:53:01 0 [Note] InnoDB: Uses event mutexes
2025-10-28 14:53:01 0 [Note] InnoDB: Compressed tables use zlib 1.3
2025-10-28 14:53:01 0 [Note] InnoDB: Number of pools: 1
2025-10-28 14:53:01 0 [Note] InnoDB: Using SSE2 crc32 instructions
2025-10-28 14:53:01 0 [Note] InnoDB: Initializing buffer pool, total size = 16M, instances = 1, chunk size = 16M
2025-10-28 14:53:01 0 [Note] InnoDB: Completed initialization of buffer pool
2025-10-28 14:53:01 0 [Note] InnoDB: Starting crash recovery from checkpoint LSN=300288
2025-10-28 14:53:01 0 [Note] InnoDB: 128 out of 128 rollback segments are active.
2025-10-28 14:53:01 0 [Note] InnoDB: Removed temporary tablespace data file: "ibtmp1"
2025-10-28 14:53:01 0 [Note] InnoDB: Creating shared tablespace for temporary tables
2025-10-28 14:53:01 0 [Note] InnoDB: Setting file 'C:\xampp\mysql\data\ibtmp1' size to 12 MB. Physically writing the file full; Please wait ...
2025-10-28 14:53:01 0 [Note] InnoDB: File 'C:\xampp\mysql\data\ibtmp1' size is now 12 MB.
2025-10-28 14:53:01 0 [Note] InnoDB: Waiting for purge to start
2025-10-28 14:53:01 0 [Note] InnoDB: 10.4.32 started; log sequence number 300297; transaction id 170
2025-10-28 14:53:01 0 [Note] InnoDB: Loading buffer pool(s) from C:\xampp\mysql\data\ib_buffer_pool
2025-10-28 14:53:01 0 [Note] Plugin 'FEEDBACK' is disabled.
2025-10-28 14:53:01 0 [Note] Server socket created on IP: '::'.
2025-10-28 14:55:24 0 [Note] Starting MariaDB 10.4.32-MariaDB source revision c4143f909528e3fab0677a28631d10389354c491 as process 15468
2025-10-28 14:55:24 0 [Note] InnoDB: Mutexes and rw_locks use Windows interlocked functions
2025-10-28 14:55:24 0 [Note] InnoDB: Uses event mutexes
2025-10-28 14:55:24 0 [Note] InnoDB: Compressed tables use zlib 1.3
2025-10-28 14:55:24 0 [Note] InnoDB: Number of pools: 1
2025-10-28 14:55:24 0 [Note] InnoDB: Using SSE2 crc32 instructions
2025-10-28 14:55:24 0 [Note] InnoDB: Initializing buffer pool, total size = 16M, instances = 1, chunk size = 16M
2025-10-28 14:55:24 0 [Note] InnoDB: Completed initialization of buffer pool
2025-10-28 14:55:24 0 [Note] InnoDB: Starting crash recovery from checkpoint LSN=300306
2025-10-28 14:55:24 0 [Note] InnoDB: 128 out of 128 rollback segments are active.
2025-10-28 14:55:24 0 [Note] InnoDB: Removed temporary tablespace data file: "ibtmp1"
2025-10-28 14:55:24 0 [Note] InnoDB: Creating shared tablespace for temporary tables
2025-10-28 14:55:24 0 [Note] InnoDB: Setting file 'C:\xampp\mysql\data\ibtmp1' size to 12 MB. Physically writing the file full; Please wait ...
2025-10-28 14:55:24 0 [Note] InnoDB: File 'C:\xampp\mysql\data\ibtmp1' size is now 12 MB.
2025-10-28 14:55:24 0 [Note] InnoDB: Waiting for purge to start
2025-10-28 14:55:24 0 [Note] InnoDB: 10.4.32 started; log sequence number 300315; transaction id 170
2025-10-28 14:55:24 0 [Note] InnoDB: Loading buffer pool(s) from C:\xampp\mysql\data\ib_buffer_pool
2025-10-28 14:55:24 0 [Note] Plugin 'FEEDBACK' is disabled.
2025-10-28 14:55:24 0 [Note] Server socket created on IP: '::'.
2025-10-28 15:30:45 0 [Note] Starting MariaDB 10.4.32-MariaDB source revision c4143f909528e3fab0677a28631d10389354c491 as process 7848
2025-10-28 15:30:45 0 [Note] mysqld.exe: Aria engine: starting recovery
recovered pages: 0% 100% (0.0 seconds); tables to flush: 1 0
 (0.0 seconds); 
2025-10-28 15:30:45 0 [Note] mysqld.exe: Aria engine: recovery done
2025-10-28 15:30:45 0 [Note] InnoDB: Mutexes and rw_locks use Windows interlocked functions
2025-10-28 15:30:45 0 [Note] InnoDB: Uses event mutexes
2025-10-28 15:30:45 0 [Note] InnoDB: Compressed tables use zlib 1.3
2025-10-28 15:30:45 0 [Note] InnoDB: Number of pools: 1
2025-10-28 15:30:45 0 [Note] InnoDB: Using SSE2 crc32 instructions
2025-10-28 15:30:45 0 [Note] InnoDB: Initializing buffer pool, total size = 16M, instances = 1, chunk size = 16M
2025-10-28 15:30:45 0 [Note] InnoDB: Completed initialization of buffer pool
2025-10-28 15:30:45 0 [Note] InnoDB: Starting crash recovery from checkpoint LSN=303373
2025-10-28 15:30:45 0 [Note] InnoDB: 128 out of 128 rollback segments are active.
2025-10-28 15:30:45 0 [Note] InnoDB: Removed temporary tablespace data file: "ibtmp1"
2025-10-28 15:30:45 0 [Note] InnoDB: Creating shared tablespace for temporary tables
2025-10-28 15:30:45 0 [Note] InnoDB: Setting file 'C:\xampp\mysql\data\ibtmp1' size to 12 MB. Physically writing the file full; Please wait ...
2025-10-28 15:30:45 0 [Note] InnoDB: File 'C:\xampp\mysql\data\ibtmp1' size is now 12 MB.
2025-10-28 15:30:45 0 [Note] InnoDB: Waiting for purge to start
2025-10-28 15:30:46 0 [Note] InnoDB: 10.4.32 started; log sequence number 303382; transaction id 178
2025-10-28 15:30:46 0 [Note] InnoDB: Loading buffer pool(s) from C:\xampp\mysql\data\ib_buffer_pool
2025-10-28 15:30:46 0 [Note] Plugin 'FEEDBACK' is disabled.
2025-10-28 15:30:46 0 [Note] Server socket created on IP: '::'.
2025-11-05 11:19:04 0 [Note] Starting MariaDB 10.4.32-MariaDB source revision c4143f909528e3fab0677a28631d10389354c491 as process 1864
2025-11-05 11:19:05 0 [Note] InnoDB: Mutexes and rw_locks use Windows interlocked functions
2025-11-05 11:19:05 0 [Note] InnoDB: Uses event mutexes
2025-11-05 11:19:05 0 [Note] InnoDB: Compressed tables use zlib 1.3
2025-11-05 11:19:05 0 [Note] InnoDB: Number of pools: 1
2025-11-05 11:19:05 0 [Note] InnoDB: Using SSE2 crc32 instructions
2025-11-05 11:19:05 0 [Note] InnoDB: Initializing buffer pool, total size = 16M, instances = 1, chunk size = 16M
2025-11-05 11:19:05 0 [Note] InnoDB: Completed initialization of buffer pool
2025-11-05 11:19:05 0 [Note] InnoDB: Starting crash recovery from checkpoint LSN=303738
2025-11-05 11:19:05 0 [Note] InnoDB: 128 out of 128 rollback segments are active.
2025-11-05 11:19:05 0 [Note] InnoDB: Removed temporary tablespace data file: "ibtmp1"
2025-11-05 11:19:05 0 [Note] InnoDB: Creating shared tablespace for temporary tables
2025-11-05 11:19:05 0 [Note] InnoDB: Setting file 'C:\xampp\mysql\data\ibtmp1' size to 12 MB. Physically writing the file full; Please wait ...
2025-11-05 11:19:05 0 [Note] InnoDB: File 'C:\xampp\mysql\data\ibtmp1' size is now 12 MB.
2025-11-05 11:19:05 0 [Note] InnoDB: Waiting for purge to start
2025-11-05 11:19:05 0 [Note] InnoDB: 10.4.32 started; log sequence number 303747; transaction id 183
2025-11-05 11:19:05 0 [Note] InnoDB: Loading buffer pool(s) from C:\xampp\mysql\data\ib_buffer_pool
2025-11-05 11:19:05 0 [Note] Plugin 'FEEDBACK' is disabled.
2025-11-05 11:19:05 0 [Note] InnoDB: Buffer pool(s) load completed at 251105 11:19:05
2025-11-05 11:19:05 0 [Note] Server socket created on IP: '::'.
2025-11-05 11:19:05 0 [Note] Reading of all Master_info entries succeeded
2025-11-05 11:19:05 0 [Note] Added new Master_info '' to hash table
2025-11-05 11:19:05 0 [Note] mysql\bin\mysqld.exe: ready for connections.
Version: '10.4.32-MariaDB'  socket: ''  port: 3306  mariadb.org binary distribution
2025-11-05 11:19:55 0 [Note] Starting MariaDB 10.4.32-MariaDB source revision c4143f909528e3fab0677a28631d10389354c491 as process 7408
2025-11-05 11:19:55 0 [ERROR] InnoDB: The innodb_system data file 'ibdata1' must be writable
2025-11-05 11:19:55 0 [ERROR] InnoDB: The innodb_system data file 'ibdata1' must be writable
2025-11-05 11:19:55 0 [ERROR] Plugin 'InnoDB' registration as a STORAGE ENGINE failed.
2025-11-05 11:19:55 0 [Note] Plugin 'FEEDBACK' is disabled.
2025-11-05 11:19:55 0 [ERROR] Unknown/unsupported storage engine: InnoDB
2025-11-05 11:19:55 0 [ERROR] Aborting
2025-11-12 10:10:56 0 [Note] Starting MariaDB 10.4.32-MariaDB source revision c4143f909528e3fab0677a28631d10389354c491 as process 7316
2025-11-12 10:10:56 0 [Note] InnoDB: Mutexes and rw_locks use Windows interlocked functions
2025-11-12 10:10:56 0 [Note] InnoDB: Uses event mutexes
2025-11-12 10:10:56 0 [Note] InnoDB: Compressed tables use zlib 1.3
2025-11-12 10:10:56 0 [Note] InnoDB: Number of pools: 1
2025-11-12 10:10:56 0 [Note] InnoDB: Using SSE2 crc32 instructions
2025-11-12 10:10:56 0 [Note] InnoDB: Initializing buffer pool, total size = 16M, instances = 1, chunk size = 16M
2025-11-12 10:10:56 0 [Note] InnoDB: Completed initialization of buffer pool
2025-11-12 10:10:56 0 [Note] InnoDB: Starting crash recovery from checkpoint LSN=303756
2025-11-12 10:10:56 0 [Note] InnoDB: 128 out of 128 rollback segments are active.
2025-11-12 10:10:56 0 [Note] InnoDB: Removed temporary tablespace data file: "ibtmp1"
2025-11-12 10:10:56 0 [Note] InnoDB: Creating shared tablespace for temporary tables
2025-11-12 10:10:56 0 [Note] InnoDB: Setting file 'C:\xampp\mysql\data\ibtmp1' size to 12 MB. Physically writing the file full; Please wait ...
2025-11-12 10:10:56 0 [Note] InnoDB: File 'C:\xampp\mysql\data\ibtmp1' size is now 12 MB.
2025-11-12 10:10:56 0 [Note] InnoDB: Waiting for purge to start
2025-11-12 10:10:56 0 [Note] InnoDB: 10.4.32 started; log sequence number 303765; transaction id 183
2025-11-12 10:10:56 0 [Note] InnoDB: Loading buffer pool(s) from C:\xampp\mysql\data\ib_buffer_pool
2025-11-12 10:10:56 0 [Note] Plugin 'FEEDBACK' is disabled.
2025-11-12 10:10:56 0 [Note] InnoDB: Buffer pool(s) load completed at 251112 10:10:56
2025-11-12 10:10:57 0 [Note] Server socket created on IP: '::'.
